TN:
SF:F:\SVN\hjhx\tms-x\tms4.4\source\trunk\tms-manager\src\App.vue
FNF:0
FNH:0
LF:0
LH:0
BRF:0
BRH:0
end_of_record
TN:
SF:F:\SVN\hjhx\tms-x\tms4.4\source\trunk\tms-manager\src\common\ajax.js
FN:37,(anonymous_0)
FN:38,(anonymous_1)
FN:39,(anonymous_2)
FN:42,post
FN:47,(anonymous_4)
FN:57,(anonymous_5)
FNF:6
FNH:0
FNDA:0,(anonymous_0)
FNDA:0,(anonymous_1)
FNDA:0,(anonymous_2)
FNDA:0,post
FNDA:0,(anonymous_4)
FNDA:0,(anonymous_5)
DA:4,1
DA:34,1
DA:38,0
DA:39,0
DA:43,0
DA:44,0
DA:45,0
DA:46,0
DA:48,0
DA:49,0
DA:50,0
DA:51,0
DA:53,0
DA:58,0
LF:14
LH:2
BRDA:48,0,0,0
BRDA:48,0,1,0
BRDA:49,1,0,0
BRDA:49,1,1,0
BRDA:49,2,0,0
BRDA:49,2,1,0
BRF:6
BRH:0
end_of_record
TN:
SF:F:\SVN\hjhx\tms-x\tms4.4\source\trunk\tms-manager\src\common\util.js
FN:17,isFunction
FN:21,isArray
FN:25,isWindow
FN:29,isNumeric
FN:33,type
FN:39,isPlainObject
FN:68,isEmptyObject
FN:75,error
FN:79,parseJSON
FN:104,noop
FN:106,toggleCase
FN:133,toggleObjKey
FN:154,formatMoney
FN:179,isEmpty
FN:187,renderDate
FN:204,renderDateTime
FN:242,(anonymous_16)
FN:249,(anonymous_17)
FN:257,(anonymous_18)
FNF:19
FNH:0
FNDA:0,isFunction
FNDA:0,isArray
FNDA:0,isWindow
FNDA:0,isNumeric
FNDA:0,type
FNDA:0,isPlainObject
FNDA:0,isEmptyObject
FNDA:0,error
FNDA:0,parseJSON
FNDA:0,noop
FNDA:0,toggleCase
FNDA:0,toggleObjKey
FNDA:0,formatMoney
FNDA:0,isEmpty
FNDA:0,renderDate
FNDA:0,renderDateTime
FNDA:0,(anonymous_16)
FNDA:0,(anonymous_17)
FNDA:0,(anonymous_18)
DA:7,1
DA:8,1
DA:9,1
DA:10,1
DA:11,1
DA:12,1
DA:15,1
DA:18,0
DA:22,0
DA:26,0
DA:30,0
DA:34,0
DA:43,0
DA:44,0
DA:47,0
DA:49,0
DA:52,0
DA:56,0
DA:63,0
DA:65,0
DA:69,0
DA:70,0
DA:72,0
DA:76,0
DA:80,0
DA:81,0
DA:85,0
DA:88,0
DA:89,0
DA:94,0
DA:98,0
DA:101,0
DA:107,0
DA:108,0
DA:109,0
DA:110,0
DA:112,0
DA:115,0
DA:116,0
DA:117,0
DA:118,0
DA:120,0
DA:125,0
DA:135,0
DA:137,0
DA:138,0
DA:139,0
DA:140,0
DA:141,0
DA:142,0
DA:144,0
DA:155,0
DA:156,0
DA:157,0
DA:158,0
DA:160,0
DA:161,0
DA:162,0
DA:164,0
DA:165,0
DA:166,0
DA:167,0
DA:168,0
DA:170,0
DA:172,0
DA:180,0
DA:181,0
DA:183,0
DA:188,0
DA:189,0
DA:191,0
DA:192,0
DA:193,0
DA:194,0
DA:195,0
DA:196,0
DA:201,0
DA:205,0
DA:206,0
DA:208,0
DA:209,0
DA:210,0
DA:211,0
DA:212,0
DA:213,0
DA:214,0
DA:215,0
DA:216,0
DA:224,0
DA:228,1
DA:243,0
DA:250,0
DA:259,0
DA:260,0
DA:261,0
DA:262,0
DA:265,0
DA:266,0
DA:267,0
DA:269,0
DA:273,0
DA:274,0
DA:278,0
DA:279,0
DA:280,0
DA:283,0
DA:285,0
DA:287,0
DA:288,0
DA:289,0
DA:292,0
DA:293,0
DA:297,0
DA:298,0
DA:299,0
DA:300,0
DA:303,0
DA:307,0
DA:310,0
DA:311,0
DA:318,0
LF:121
LH:8
BRDA:26,0,0,0
BRDA:26,0,1,0
BRDA:30,1,0,0
BRDA:30,1,1,0
BRDA:34,2,0,0
BRDA:34,2,1,0
BRDA:36,3,0,0
BRDA:36,3,1,0
BRDA:43,4,0,0
BRDA:43,4,1,0
BRDA:43,5,0,0
BRDA:43,5,1,0
BRDA:43,5,2,0
BRDA:49,6,0,0
BRDA:49,6,1,0
BRDA:49,7,0,0
BRDA:49,7,1,0
BRDA:49,7,2,0
BRDA:65,8,0,0
BRDA:65,8,1,0
BRDA:80,9,0,0
BRDA:80,9,1,0
BRDA:80,10,0,0
BRDA:80,10,1,0
BRDA:88,11,0,0
BRDA:88,11,1,0
BRDA:88,12,0,0
BRDA:88,12,1,0
BRDA:94,13,0,0
BRDA:94,13,1,0
BRDA:107,14,0,0
BRDA:107,14,1,0
BRDA:109,15,0,0
BRDA:109,15,1,0
BRDA:109,16,0,0
BRDA:109,16,1,0
BRDA:115,17,0,0
BRDA:115,17,1,0
BRDA:117,18,0,0
BRDA:117,18,1,0
BRDA:117,19,0,0
BRDA:117,19,1,0
BRDA:135,20,0,0
BRDA:135,20,1,0
BRDA:137,21,0,0
BRDA:137,21,1,0
BRDA:140,22,0,0
BRDA:140,22,1,0
BRDA:155,23,0,0
BRDA:155,23,1,0
BRDA:156,24,0,0
BRDA:156,24,1,0
BRDA:156,25,0,0
BRDA:156,25,1,0
BRDA:157,26,0,0
BRDA:157,26,1,0
BRDA:168,27,0,0
BRDA:168,27,1,0
BRDA:168,28,0,0
BRDA:168,28,1,0
BRDA:180,29,0,0
BRDA:180,29,1,0
BRDA:180,30,0,0
BRDA:180,30,1,0
BRDA:180,30,2,0
BRDA:188,31,0,0
BRDA:188,31,1,0
BRDA:188,32,0,0
BRDA:188,32,1,0
BRDA:188,32,2,0
BRDA:188,32,3,0
BRDA:197,33,0,0
BRDA:197,33,1,0
BRDA:198,34,0,0
BRDA:198,34,1,0
BRDA:205,35,0,0
BRDA:205,35,1,0
BRDA:205,36,0,0
BRDA:205,36,1,0
BRDA:205,36,2,0
BRDA:205,36,3,0
BRDA:217,37,0,0
BRDA:217,37,1,0
BRDA:218,38,0,0
BRDA:218,38,1,0
BRDA:219,39,0,0
BRDA:219,39,1,0
BRDA:220,40,0,0
BRDA:220,40,1,0
BRDA:221,41,0,0
BRDA:221,41,1,0
BRDA:232,42,0,1
BRDA:232,42,1,0
BRDA:241,43,0,1
BRDA:241,43,1,0
BRDA:243,44,0,0
BRDA:243,44,1,0
BRDA:250,45,0,0
BRDA:250,45,1,0
BRDA:259,46,0,0
BRDA:259,46,1,0
BRDA:265,47,0,0
BRDA:265,47,1,0
BRDA:267,48,0,0
BRDA:267,48,1,0
BRDA:273,49,0,0
BRDA:273,49,1,0
BRDA:273,50,0,0
BRDA:273,50,1,0
BRDA:278,51,0,0
BRDA:278,51,1,0
BRDA:285,52,0,0
BRDA:285,52,1,0
BRDA:292,53,0,0
BRDA:292,53,1,0
BRDA:297,54,0,0
BRDA:297,54,1,0
BRDA:297,55,0,0
BRDA:297,55,1,0
BRDA:297,55,2,0
BRDA:297,55,3,0
BRDA:298,56,0,0
BRDA:298,56,1,0
BRDA:300,57,0,0
BRDA:300,57,1,0
BRDA:300,58,0,0
BRDA:300,58,1,0
BRDA:303,59,0,0
BRDA:303,59,1,0
BRDA:303,60,0,0
BRDA:303,60,1,0
BRDA:310,61,0,0
BRDA:310,61,1,0
BRF:133
BRH:2
end_of_record
TN:
SF:F:\SVN\hjhx\tms-x\tms4.4\source\trunk\tms-manager\src\common\check.js
FN:11,(anonymous_0)
FN:26,(anonymous_1)
FN:32,(anonymous_2)
FN:38,(anonymous_3)
FN:51,(anonymous_4)
FN:60,(anonymous_5)
FNF:6
FNH:0
FNDA:0,(anonymous_0)
FNDA:0,(anonymous_1)
FNDA:0,(anonymous_2)
FNDA:0,(anonymous_3)
FNDA:0,(anonymous_4)
FNDA:0,(anonymous_5)
DA:6,1
DA:12,0
DA:13,0
DA:16,0
DA:17,0
DA:18,0
DA:19,0
DA:20,0
DA:24,0
DA:27,0
DA:28,0
DA:30,0
DA:33,0
DA:34,0
DA:36,0
DA:39,0
DA:40,0
DA:42,0
DA:52,0
DA:61,0
DA:62,0
DA:63,0
DA:65,0
LF:23
LH:1
BRDA:12,0,0,0
BRDA:12,0,1,0
BRDA:18,1,0,0
BRDA:18,1,1,0
BRDA:27,2,0,0
BRDA:27,2,1,0
BRDA:33,3,0,0
BRDA:33,3,1,0
BRDA:39,4,0,0
BRDA:39,4,1,0
BRDA:52,5,0,0
BRDA:52,5,1,0
BRDA:62,6,0,0
BRDA:62,6,1,0
BRF:14
BRH:0
end_of_record
TN:
SF:F:\SVN\hjhx\tms-x\tms4.4\source\trunk\tms-manager\src\components\NotFoundComponent.vue
FNF:0
FNH:0
LF:0
LH:0
BRF:0
BRH:0
end_of_record
TN:
SF:F:\SVN\hjhx\tms-x\tms4.4\source\trunk\tms-manager\src\components\auth\Role.vue
FN:135,(anonymous_0)
FN:146,(anonymous_1)
FN:156,(anonymous_2)
FN:164,(anonymous_3)
FN:172,(anonymous_4)
FN:178,(anonymous_5)
FN:180,(anonymous_6)
FN:190,(anonymous_7)
FNF:8
FNH:0
FNDA:0,(anonymous_0)
FNDA:0,(anonymous_1)
FNDA:0,(anonymous_2)
FNDA:0,(anonymous_3)
FNDA:0,(anonymous_4)
FNDA:0,(anonymous_5)
FNDA:0,(anonymous_6)
FNDA:0,(anonymous_7)
DA:74,0
DA:78,0
DA:81,0
DA:84,0
DA:85,0
DA:86,0
DA:87,0
DA:88,0
DA:89,0
DA:90,0
DA:92,0
DA:93,0
DA:94,0
DA:95,0
DA:101,0
DA:104,0
DA:107,0
DA:108,0
DA:109,0
DA:110,0
DA:128,0
DA:129,0
DA:130,0
DA:131,0
DA:134,0
DA:135,0
DA:136,0
DA:137,0
DA:138,0
DA:142,0
DA:143,0
DA:144,0
DA:147,0
DA:148,0
DA:152,0
DA:153,0
DA:157,0
DA:158,0
DA:163,0
DA:164,0
DA:165,0
DA:166,0
DA:167,0
DA:172,0
DA:173,0
DA:174,0
DA:178,0
DA:179,0
DA:181,0
DA:182,0
DA:184,0
DA:191,0
DA:194,0
LF:53
LH:0
BRDA:85,0,0,0
BRDA:85,0,1,0
BRDA:88,1,0,0
BRDA:88,1,1,0
BRDA:93,2,0,0
BRDA:93,2,1,0
BRDA:107,3,0,0
BRDA:107,3,1,0
BRDA:109,4,0,0
BRDA:109,4,1,0
BRDA:157,5,0,0
BRDA:157,5,1,0
BRDA:173,6,0,0
BRDA:173,6,1,0
BRDA:181,7,0,0
BRDA:181,7,1,0
BRF:16
BRH:0
end_of_record
TN:
SF:F:\SVN\hjhx\tms-x\tms4.4\source\trunk\tms-manager\src\components\auth\User.vue
FN:160,(anonymous_0)
FN:183,(anonymous_1)
FN:201,(anonymous_2)
FN:248,(anonymous_3)
FN:261,(anonymous_4)
FN:281,(anonymous_5)
FN:287,(anonymous_6)
FN:293,(anonymous_7)
FN:316,(anonymous_8)
FN:323,(anonymous_9)
FN:329,(anonymous_10)
FN:348,(anonymous_11)
FN:354,(anonymous_12)
FN:360,(anonymous_13)
FN:370,(anonymous_14)
FN:380,(anonymous_15)
FN:387,(anonymous_16)
FN:399,(anonymous_17)
FN:408,(anonymous_18)
FN:420,(anonymous_19)
FN:438,(anonymous_20)
FN:446,(anonymous_21)
FNF:22
FNH:0
FNDA:0,(anonymous_0)
FNDA:0,(anonymous_1)
FNDA:0,(anonymous_2)
FNDA:0,(anonymous_3)
FNDA:0,(anonymous_4)
FNDA:0,(anonymous_5)
FNDA:0,(anonymous_6)
FNDA:0,(anonymous_7)
FNDA:0,(anonymous_8)
FNDA:0,(anonymous_9)
FNDA:0,(anonymous_10)
FNDA:0,(anonymous_11)
FNDA:0,(anonymous_12)
FNDA:0,(anonymous_13)
FNDA:0,(anonymous_14)
FNDA:0,(anonymous_15)
FNDA:0,(anonymous_16)
FNDA:0,(anonymous_17)
FNDA:0,(anonymous_18)
FNDA:0,(anonymous_19)
FNDA:0,(anonymous_20)
FNDA:0,(anonymous_21)
DA:143,0
DA:144,0
DA:148,0
DA:151,0
DA:154,0
DA:157,0
DA:160,0
DA:161,0
DA:162,0
DA:163,0
DA:164,0
DA:165,0
DA:168,0
DA:169,0
DA:174,0
DA:175,0
DA:176,0
DA:177,0
DA:180,0
DA:181,0
DA:184,0
DA:187,0
DA:190,0
DA:191,0
DA:202,0
DA:203,0
DA:207,0
DA:210,0
DA:211,0
DA:212,0
DA:213,0
DA:214,0
DA:215,0
DA:216,0
DA:218,0
DA:219,0
DA:220,0
DA:221,0
DA:238,0
DA:239,0
DA:240,0
DA:244,0
DA:245,0
DA:249,0
DA:250,0
DA:251,0
DA:254,0
DA:257,0
DA:258,0
DA:262,0
DA:263,0
DA:264,0
DA:267,0
DA:270,0
DA:271,0
DA:272,0
DA:273,0
DA:274,0
DA:276,0
DA:277,0
DA:282,0
DA:288,0
DA:289,0
DA:292,0
DA:294,0
DA:301,0
DA:302,0
DA:303,0
DA:304,0
DA:305,0
DA:307,0
DA:308,0
DA:311,0
DA:312,0
DA:317,0
DA:324,0
DA:325,0
DA:328,0
DA:330,0
DA:337,0
DA:338,0
DA:339,0
DA:340,0
DA:341,0
DA:343,0
DA:344,0
DA:349,0
DA:355,0
DA:356,0
DA:359,0
DA:361,0
DA:370,0
DA:371,0
DA:372,0
DA:373,0
DA:374,0
DA:376,0
DA:380,0
DA:381,0
DA:382,0
DA:384,0
DA:388,0
DA:389,0
DA:391,0
DA:395,0
DA:399,0
DA:400,0
DA:401,0
DA:402,0
DA:404,0
DA:408,0
DA:409,0
DA:410,0
DA:411,0
DA:412,0
DA:413,0
DA:414,0
DA:416,0
DA:420,0
DA:421,0
DA:422,0
DA:423,0
DA:424,0
DA:425,0
DA:426,0
DA:427,0
DA:428,0
DA:429,0
DA:432,0
DA:433,0
DA:435,0
DA:438,0
DA:439,0
DA:440,0
DA:441,0
DA:443,0
DA:446,0
DA:447,0
DA:448,0
DA:449,0
DA:451,0
DA:455,0
LF:142
LH:0
BRDA:161,0,0,0
BRDA:161,0,1,0
BRDA:162,1,0,0
BRDA:162,1,1,0
BRDA:164,2,0,0
BRDA:164,2,1,0
BRDA:202,3,0,0
BRDA:202,3,1,0
BRDA:211,4,0,0
BRDA:211,4,1,0
BRDA:214,5,0,0
BRDA:214,5,1,0
BRDA:219,6,0,0
BRDA:219,6,1,0
BRDA:239,7,0,0
BRDA:239,7,1,0
BRDA:272,8,0,0
BRDA:272,8,1,0
BRDA:303,9,0,0
BRDA:303,9,1,0
BRDA:339,10,0,0
BRDA:339,10,1,0
BRDA:373,11,0,0
BRDA:373,11,1,0
BRDA:373,12,0,0
BRDA:373,12,1,0
BRDA:381,13,0,0
BRDA:381,13,1,0
BRDA:381,14,0,0
BRDA:381,14,1,0
BRDA:388,15,0,0
BRDA:388,15,1,0
BRDA:401,16,0,0
BRDA:401,16,1,0
BRDA:410,17,0,0
BRDA:410,17,1,0
BRDA:410,18,0,0
BRDA:410,18,1,0
BRDA:412,19,0,0
BRDA:412,19,1,0
BRDA:412,20,0,0
BRDA:412,20,1,0
BRDA:422,21,0,0
BRDA:422,21,1,0
BRDA:422,22,0,0
BRDA:422,22,1,0
BRDA:424,23,0,0
BRDA:424,23,1,0
BRDA:426,24,0,0
BRDA:426,24,1,0
BRDA:428,25,0,0
BRDA:428,25,1,0
BRDA:440,26,0,0
BRDA:440,26,1,0
BRDA:440,27,0,0
BRDA:440,27,1,0
BRDA:448,28,0,0
BRDA:448,28,1,0
BRF:58
BRH:0
end_of_record
TN:
SF:F:\SVN\hjhx\tms-x\tms4.4\source\trunk\tms-manager\src\components\run\List.vue
FN:164,(anonymous_0)
FN:190,(anonymous_1)
FN:204,(anonymous_2)
FN:228,(anonymous_3)
FN:240,(anonymous_4)
FNF:5
FNH:0
FNDA:0,(anonymous_0)
FNDA:0,(anonymous_1)
FNDA:0,(anonymous_2)
FNDA:0,(anonymous_3)
FNDA:0,(anonymous_4)
DA:104,0
DA:108,0
DA:114,0
DA:120,0
DA:121,0
DA:122,0
DA:123,0
DA:124,0
DA:125,0
DA:126,0
DA:127,0
DA:129,0
DA:130,0
DA:131,0
DA:132,0
DA:133,0
DA:134,0
DA:135,0
DA:136,0
DA:138,0
DA:148,0
DA:151,0
DA:152,0
DA:153,0
DA:154,0
DA:155,0
DA:156,0
DA:157,0
DA:159,0
DA:160,0
DA:164,0
DA:165,0
DA:166,0
DA:167,0
DA:168,0
DA:169,0
DA:170,0
DA:171,0
DA:174,0
DA:175,0
DA:180,0
DA:181,0
DA:182,0
DA:183,0
DA:186,0
DA:187,0
DA:191,0
DA:192,0
DA:193,0
DA:198,0
DA:199,0
DA:205,0
DA:206,0
DA:211,0
DA:213,0
DA:214,0
DA:219,0
DA:225,0
DA:229,0
DA:230,0
DA:236,0
DA:237,0
DA:241,0
DA:242,0
DA:243,0
DA:249,0
DA:250,0
DA:251,0
DA:252,0
DA:262,0
LF:70
LH:0
BRDA:121,0,0,0
BRDA:121,0,1,0
BRDA:125,1,0,0
BRDA:125,1,1,0
BRDA:132,2,0,0
BRDA:132,2,1,0
BRDA:135,3,0,0
BRDA:135,3,1,0
BRDA:152,4,0,0
BRDA:152,4,1,0
BRDA:155,5,0,0
BRDA:155,5,1,0
BRDA:167,6,0,0
BRDA:167,6,1,0
BRDA:168,7,0,0
BRDA:168,7,1,0
BRDA:170,8,0,0
BRDA:170,8,1,0
BRDA:213,9,0,0
BRDA:213,9,1,0
BRDA:213,10,0,0
BRDA:213,10,1,0
BRDA:213,10,2,0
BRDA:229,11,0,0
BRDA:229,11,1,0
BRF:25
BRH:0
end_of_record
TN:
SF:F:\SVN\hjhx\tms-x\tms4.4\source\trunk\tms-manager\src\components\run\Rule.vue
FNF:0
FNH:0
LF:0
LH:0
BRF:0
BRH:0
end_of_record
TN:
SF:F:\SVN\hjhx\tms-x\tms4.4\source\trunk\tms-manager\src\components\run\Stat.vue
FN:64,(anonymous_0)
FN:66,(anonymous_1)
FN:110,(anonymous_2)
FN:111,(anonymous_3)
FN:117,(anonymous_4)
FN:125,(anonymous_5)
FN:134,(anonymous_6)
FN:162,(anonymous_7)
FN:170,(anonymous_8)
FN:174,(anonymous_9)
FN:179,(anonymous_10)
FNF:11
FNH:0
FNDA:0,(anonymous_0)
FNDA:0,(anonymous_1)
FNDA:0,(anonymous_2)
FNDA:0,(anonymous_3)
FNDA:0,(anonymous_4)
FNDA:0,(anonymous_5)
FNDA:0,(anonymous_6)
FNDA:0,(anonymous_7)
FNDA:0,(anonymous_8)
FNDA:0,(anonymous_9)
FNDA:0,(anonymous_10)
DA:61,0
DA:64,0
DA:65,0
DA:66,0
DA:67,0
DA:68,0
DA:73,0
DA:111,0
DA:112,0
DA:118,0
DA:119,0
DA:120,0
DA:126,0
DA:127,0
DA:128,0
DA:135,0
DA:157,0
DA:158,0
DA:159,0
DA:160,0
DA:162,0
DA:164,0
DA:165,0
DA:167,0
DA:170,0
DA:174,0
DA:175,0
DA:176,0
DA:178,0
DA:179,0
DA:180,0
DA:182,0
DA:185,0
DA:186,0
DA:187,0
DA:191,0
DA:192,0
DA:193,0
DA:194,0
DA:195,0
DA:196,0
DA:197,0
DA:198,0
DA:200,0
DA:201,0
DA:203,0
LF:46
LH:0
BRDA:119,0,0,0
BRDA:119,0,1,0
BRDA:127,1,0,0
BRDA:127,1,1,0
BRDA:164,2,0,0
BRDA:164,2,1,0
BRDA:165,3,0,0
BRDA:165,3,1,0
BRDA:175,4,0,0
BRDA:175,4,1,0
BRDA:176,5,0,0
BRDA:176,5,1,0
BRDA:186,6,0,0
BRDA:186,6,1,0
BRDA:194,7,0,0
BRDA:194,7,1,0
BRF:16
BRH:0
end_of_record
TN:
SF:F:\SVN\hjhx\tms-x\tms4.4\source\trunk\tms-manager\src\components\run\Trandef.vue
FNF:0
FNH:0
LF:0
LH:0
BRF:0
BRH:0
end_of_record
TN:
SF:F:\SVN\hjhx\tms-x\tms4.4\source\trunk\tms-manager\src\components\run\Tranmdl.vue
FNF:0
FNH:0
LF:0
LH:0
BRF:0
BRH:0
end_of_record
TN:
SF:F:\SVN\hjhx\tms-x\tms4.4\source\trunk\tms-manager\src\components\run\Txn.vue
FNF:0
FNH:0
DA:27,0
DA:81,0
DA:82,0
DA:88,0
DA:89,0
DA:90,0
DA:91,0
DA:92,0
DA:94,0
DA:95,0
DA:98,0
DA:99,0
DA:102,0
DA:103,0
DA:106,0
DA:107,0
LF:16
LH:0
BRDA:92,0,0,0
BRDA:92,0,1,0
BRDA:92,0,2,0
BRDA:92,0,3,0
BRDA:92,0,4,0
BRF:5
BRH:0
end_of_record
TN:
SF:F:\SVN\hjhx\tms-x\tms4.4\source\trunk\tms-manager\src\components\run\ValueList.vue
FN:116,(anonymous_0)
FN:139,(anonymous_1)
FN:150,(anonymous_2)
FN:160,(anonymous_3)
FN:179,(anonymous_4)
FN:192,(anonymous_5)
FNF:6
FNH:0
FNDA:0,(anonymous_0)
FNDA:0,(anonymous_1)
FNDA:0,(anonymous_2)
FNDA:0,(anonymous_3)
FNDA:0,(anonymous_4)
FNDA:0,(anonymous_5)
DA:72,0
DA:73,0
DA:77,0
DA:83,0
DA:89,0
DA:90,0
DA:91,0
DA:92,0
DA:93,0
DA:94,0
DA:95,0
DA:97,0
DA:98,0
DA:99,0
DA:100,0
DA:102,0
DA:110,0
DA:113,0
DA:116,0
DA:117,0
DA:118,0
DA:119,0
DA:120,0
DA:121,0
DA:124,0
DA:125,0
DA:130,0
DA:131,0
DA:132,0
DA:133,0
DA:136,0
DA:139,0
DA:140,0
DA:144,0
DA:145,0
DA:150,0
DA:151,0
DA:152,0
DA:153,0
DA:157,0
DA:158,0
DA:161,0
DA:162,0
DA:166,0
DA:168,0
DA:169,0
DA:174,0
DA:179,0
DA:180,0
DA:181,0
DA:186,0
DA:187,0
DA:192,0
DA:193,0
DA:194,0
DA:195,0
DA:199,0
DA:202,0
DA:206,0
LF:59
LH:0
BRDA:91,0,0,0
BRDA:91,0,1,0
BRDA:93,1,0,0
BRDA:93,1,1,0
BRDA:98,2,0,0
BRDA:98,2,1,0
BRDA:99,3,0,0
BRDA:99,3,1,0
BRDA:117,4,0,0
BRDA:117,4,1,0
BRDA:118,5,0,0
BRDA:118,5,1,0
BRDA:120,6,0,0
BRDA:120,6,1,0
BRDA:168,7,0,0
BRDA:168,7,1,0
BRDA:168,8,0,0
BRDA:168,8,1,0
BRDA:168,8,2,0
BRDA:180,9,0,0
BRDA:180,9,1,0
BRF:21
BRH:0
end_of_record
TN:
SF:F:\SVN\hjhx\tms-x\tms4.4\source\trunk\tms-manager\src\components\system\AuthCenter.vue
FN:28,(anonymous_0)
FN:29,(anonymous_1)
FN:44,(anonymous_2)
FNF:3
FNH:0
FNDA:0,(anonymous_0)
FNDA:0,(anonymous_1)
FNDA:0,(anonymous_2)
DA:25,0
DA:29,0
DA:30,0
DA:34,0
DA:40,0
DA:41,0
DA:45,0
DA:46,0
DA:52,0
LF:9
LH:0
BRDA:45,0,0,0
BRDA:45,0,1,0
BRF:2
BRH:0
end_of_record
TN:
SF:F:\SVN\hjhx\tms-x\tms4.4\source\trunk\tms-manager\src\components\system\AuthDataCompare.vue
FN:43,(anonymous_0)
FN:44,(anonymous_1)
FN:54,(anonymous_2)
FN:57,(anonymous_3)
FN:81,(anonymous_4)
FNF:5
FNH:0
FNDA:0,(anonymous_0)
FNDA:0,(anonymous_1)
FNDA:0,(anonymous_2)
FNDA:0,(anonymous_3)
FNDA:0,(anonymous_4)
DA:44,0
DA:45,0
DA:46,0
DA:47,0
DA:48,0
DA:50,0
DA:55,0
DA:58,0
DA:62,0
DA:72,0
DA:73,0
DA:78,0
DA:82,0
DA:83,0
DA:89,0
DA:90,0
LF:16
LH:0
BRDA:82,0,0,0
BRDA:82,0,1,0
BRF:2
BRH:0
end_of_record
TN:
SF:F:\SVN\hjhx\tms-x\tms4.4\source\trunk\tms-manager\src\components\system\AuthDataList.vue
FN:107,(anonymous_0)
FN:108,(anonymous_1)
FN:114,(anonymous_2)
FN:159,(anonymous_3)
FN:196,(anonymous_4)
FN:217,(anonymous_5)
FNF:6
FNH:0
FNDA:0,(anonymous_0)
FNDA:0,(anonymous_1)
FNDA:0,(anonymous_2)
FNDA:0,(anonymous_3)
FNDA:0,(anonymous_4)
FNDA:0,(anonymous_5)
DA:70,0
DA:73,0
DA:76,0
DA:79,0
DA:83,0
DA:108,0
DA:109,0
DA:110,0
DA:115,0
DA:120,0
DA:127,0
DA:128,0
DA:129,0
DA:132,0
DA:133,0
DA:136,0
DA:139,0
DA:140,0
DA:141,0
DA:142,0
DA:146,0
DA:155,0
DA:156,0
DA:159,0
DA:160,0
DA:161,0
DA:166,0
DA:167,0
DA:169,0
DA:170,0
DA:171,0
DA:172,0
DA:173,0
DA:174,0
DA:175,0
DA:178,0
DA:179,0
DA:180,0
DA:183,0
DA:193,0
DA:197,0
DA:198,0
DA:199,0
DA:203,0
DA:208,0
DA:209,0
DA:214,0
DA:218,0
DA:219,0
DA:225,0
DA:226,0
DA:227,0
DA:228,0
DA:230,0
DA:234,0
DA:237,0
DA:238,0
DA:239,0
DA:240,0
DA:242,0
DA:246,0
DA:249,0
DA:250,0
DA:253,0
DA:256,0
LF:65
LH:0
BRDA:76,0,0,0
BRDA:76,0,1,0
BRDA:79,1,0,0
BRDA:79,1,1,0
BRDA:160,2,0,0
BRDA:160,2,1,0
BRDA:174,3,0,0
BRDA:174,3,1,0
BRDA:174,4,0,0
BRDA:174,4,1,0
BRDA:179,5,0,0
BRDA:179,5,1,0
BRDA:179,6,0,0
BRDA:179,6,1,0
BRDA:218,7,0,0
BRDA:218,7,1,0
BRDA:226,8,0,0
BRDA:226,8,1,0
BRDA:238,9,0,0
BRDA:238,9,1,0
BRF:20
BRH:0
end_of_record
TN:
SF:F:\SVN\hjhx\tms-x\tms4.4\source\trunk\tms-manager\src\components\system\AuthLogList.vue
FN:72,(anonymous_0)
FN:73,(anonymous_1)
FN:80,(anonymous_2)
FN:114,(anonymous_3)
FNF:4
FNH:0
FNDA:0,(anonymous_0)
FNDA:0,(anonymous_1)
FNDA:0,(anonymous_2)
FNDA:0,(anonymous_3)
DA:45,0
DA:48,0
DA:51,0
DA:54,0
DA:58,0
DA:73,0
DA:74,0
DA:75,0
DA:76,0
DA:81,0
DA:87,0
DA:88,0
DA:89,0
DA:92,0
DA:93,0
DA:96,0
DA:99,0
DA:100,0
DA:101,0
DA:102,0
DA:105,0
DA:106,0
DA:111,0
DA:115,0
DA:116,0
DA:122,0
LF:26
LH:0
BRDA:51,0,0,0
BRDA:51,0,1,0
BRDA:54,1,0,0
BRDA:54,1,1,0
BRDA:115,2,0,0
BRDA:115,2,1,0
BRF:6
BRH:0
end_of_record
TN:
SF:F:\SVN\hjhx\tms-x\tms4.4\source\trunk\tms-manager\src\components\system\AuthSubDataList.vue
FN:67,(anonymous_0)
FN:68,(anonymous_1)
FN:75,(anonymous_2)
FN:127,(anonymous_3)
FNF:4
FNH:0
FNDA:0,(anonymous_0)
FNDA:0,(anonymous_1)
FNDA:0,(anonymous_2)
FNDA:0,(anonymous_3)
DA:49,0
DA:53,0
DA:68,0
DA:69,0
DA:70,0
DA:71,0
DA:76,0
DA:82,0
DA:83,0
DA:84,0
DA:87,0
DA:88,0
DA:91,0
DA:94,0
DA:95,0
DA:96,0
DA:97,0
DA:98,0
DA:101,0
DA:105,0
DA:114,0
DA:115,0
DA:118,0
DA:119,0
DA:124,0
DA:128,0
DA:129,0
DA:135,0
LF:28
LH:0
BRDA:128,0,0,0
BRDA:128,0,1,0
BRF:2
BRH:0
end_of_record
TN:
SF:F:\SVN\hjhx\tms-x\tms4.4\source\trunk\tms-manager\src\components\system\Codedict.vue
FN:79,(anonymous_0)
FN:93,(anonymous_1)
FN:156,(anonymous_2)
FN:157,(anonymous_3)
FN:171,(anonymous_4)
FN:193,(anonymous_5)
FN:201,(anonymous_6)
FN:213,(anonymous_7)
FN:245,(anonymous_8)
FN:253,(anonymous_9)
FN:265,(anonymous_10)
FNF:11
FNH:0
FNDA:0,(anonymous_0)
FNDA:0,(anonymous_1)
FNDA:0,(anonymous_2)
FNDA:0,(anonymous_3)
FNDA:0,(anonymous_4)
FNDA:0,(anonymous_5)
FNDA:0,(anonymous_6)
FNDA:0,(anonymous_7)
FNDA:0,(anonymous_8)
FNDA:0,(anonymous_9)
FNDA:0,(anonymous_10)
DA:72,0
DA:75,0
DA:79,0
DA:80,0
DA:81,0
DA:90,0
DA:94,0
DA:95,0
DA:97,0
DA:103,0
DA:157,0
DA:158,0
DA:163,0
DA:171,0
DA:172,0
DA:173,0
DA:174,0
DA:179,0
DA:180,0
DA:184,0
DA:190,0
DA:194,0
DA:195,0
DA:201,0
DA:202,0
DA:203,0
DA:204,0
DA:210,0
DA:214,0
DA:215,0
DA:216,0
DA:220,0
DA:225,0
DA:226,0
DA:227,0
DA:228,0
DA:229,0
DA:230,0
DA:232,0
DA:240,0
DA:246,0
DA:247,0
DA:253,0
DA:254,0
DA:255,0
DA:256,0
DA:262,0
DA:266,0
DA:267,0
DA:268,0
DA:272,0
DA:277,0
DA:278,0
DA:279,0
DA:280,0
DA:282,0
DA:285,0
DA:286,0
DA:287,0
DA:288,0
DA:292,0
DA:293,0
DA:294,0
DA:295,0
DA:299,0
DA:300,0
DA:301,0
DA:304,0
DA:305,0
DA:308,0
DA:311,0
DA:312,0
DA:313,0
DA:314,0
DA:315,0
DA:316,0
DA:317,0
DA:320,0
DA:321,0
DA:322,0
DA:323,0
DA:325,0
DA:326,0
DA:327,0
LF:84
LH:0
BRDA:80,0,0,0
BRDA:80,0,1,0
BRDA:80,1,0,0
BRDA:80,1,1,0
BRDA:94,2,0,0
BRDA:94,2,1,0
BRDA:172,3,0,0
BRDA:172,3,1,0
BRDA:194,4,0,0
BRDA:194,4,1,0
BRDA:202,5,0,0
BRDA:202,5,1,0
BRDA:228,6,0,0
BRDA:228,6,1,0
BRDA:232,7,0,0
BRDA:232,7,1,0
BRDA:254,8,0,0
BRDA:254,8,1,0
BRDA:278,9,0,0
BRDA:278,9,1,0
BRDA:285,10,0,0
BRDA:285,10,1,0
BRDA:287,11,0,0
BRDA:287,11,1,0
BRDA:312,12,0,0
BRDA:312,12,1,0
BRDA:315,13,0,0
BRDA:315,13,1,0
BRDA:321,14,0,0
BRDA:321,14,1,0
BRDA:326,15,0,0
BRDA:326,15,1,0
BRF:32
BRH:0
end_of_record
TN:
SF:F:\SVN\hjhx\tms-x\tms4.4\source\trunk\tms-manager\src\components\system\CodedictInfo.vue
FN:114,(anonymous_0)
FN:115,(anonymous_1)
FN:178,(anonymous_2)
FN:190,(anonymous_3)
FN:217,(anonymous_4)
FN:245,(anonymous_5)
FN:253,(anonymous_6)
FN:265,(anonymous_7)
FNF:8
FNH:0
FNDA:0,(anonymous_0)
FNDA:0,(anonymous_1)
FNDA:0,(anonymous_2)
FNDA:0,(anonymous_3)
FNDA:0,(anonymous_4)
FNDA:0,(anonymous_5)
FNDA:0,(anonymous_6)
FNDA:0,(anonymous_7)
DA:65,0
DA:69,0
DA:115,0
DA:116,0
DA:117,0
DA:123,0
DA:124,0
DA:125,0
DA:128,0
DA:129,0
DA:132,0
DA:135,0
DA:136,0
DA:137,0
DA:138,0
DA:141,0
DA:150,0
DA:151,0
DA:152,0
DA:153,0
DA:154,0
DA:155,0
DA:156,0
DA:159,0
DA:160,0
DA:161,0
DA:162,0
DA:163,0
DA:165,0
DA:166,0
DA:167,0
DA:171,0
DA:172,0
DA:173,0
DA:174,0
DA:178,0
DA:179,0
DA:180,0
DA:181,0
DA:187,0
DA:191,0
DA:192,0
DA:193,0
DA:197,0
DA:202,0
DA:203,0
DA:214,0
DA:218,0
DA:219,0
DA:225,0
DA:226,0
DA:227,0
DA:228,0
DA:229,0
DA:230,0
DA:232,0
DA:240,0
DA:246,0
DA:247,0
DA:253,0
DA:254,0
DA:255,0
DA:256,0
DA:262,0
DA:266,0
DA:267,0
DA:268,0
DA:272,0
DA:277,0
LF:69
LH:0
BRDA:151,0,0,0
BRDA:151,0,1,0
BRDA:154,1,0,0
BRDA:154,1,1,0
BRDA:160,2,0,0
BRDA:160,2,1,0
BRDA:166,3,0,0
BRDA:166,3,1,0
BRDA:171,4,0,0
BRDA:171,4,1,0
BRDA:173,5,0,0
BRDA:173,5,1,0
BRDA:179,6,0,0
BRDA:179,6,1,0
BRDA:218,7,0,0
BRDA:218,7,1,0
BRDA:228,8,0,0
BRDA:228,8,1,0
BRDA:232,9,0,0
BRDA:232,9,1,0
BRDA:254,10,0,0
BRDA:254,10,1,0
BRF:22
BRH:0
end_of_record
TN:
SF:F:\SVN\hjhx\tms-x\tms4.4\source\trunk\tms-manager\src\components\system\Ipaddr.vue
FN:135,(anonymous_0)
FN:138,(anonymous_1)
FN:275,(anonymous_2)
FN:279,(anonymous_3)
FN:283,(anonymous_4)
FN:295,(anonymous_5)
FNF:6
FNH:0
FNDA:0,(anonymous_0)
FNDA:0,(anonymous_1)
FNDA:0,(anonymous_2)
FNDA:0,(anonymous_3)
FNDA:0,(anonymous_4)
FNDA:0,(anonymous_5)
DA:131,1
DA:136,0
DA:139,0
DA:140,0
DA:141,0
DA:142,0
DA:143,0
DA:144,0
DA:146,0
DA:147,0
DA:148,0
DA:150,0
DA:151,0
DA:152,0
DA:154,0
DA:157,0
DA:160,0
DA:163,0
DA:166,0
DA:170,0
DA:187,0
DA:189,0
DA:190,0
DA:191,0
DA:192,0
DA:193,0
DA:194,0
DA:195,0
DA:196,0
DA:198,0
DA:199,0
DA:200,0
DA:201,0
DA:202,0
DA:204,0
DA:205,0
DA:206,0
DA:208,0
DA:209,0
DA:210,0
DA:212,0
DA:213,0
DA:214,0
DA:216,0
DA:217,0
DA:218,0
DA:221,0
DA:224,0
DA:225,0
DA:226,0
DA:228,0
DA:229,0
DA:230,0
DA:232,0
DA:233,0
DA:234,0
DA:236,0
DA:237,0
DA:238,0
DA:240,0
DA:241,0
DA:242,0
DA:244,0
DA:245,0
DA:246,0
DA:248,0
DA:249,0
DA:250,0
DA:251,0
DA:253,0
DA:254,0
DA:255,0
DA:256,0
DA:257,0
DA:260,0
DA:261,0
DA:263,0
DA:264,0
DA:266,0
DA:267,0
DA:269,0
DA:270,0
DA:272,0
DA:276,0
DA:277,0
DA:280,0
DA:281,0
DA:284,0
DA:285,0
DA:286,0
DA:291,0
DA:292,0
DA:296,0
DA:297,0
DA:298,0
DA:299,0
DA:300,0
DA:301,0
DA:303,0
DA:304,0
DA:305,0
DA:306,0
DA:307,0
DA:308,0
DA:309,0
DA:310,0
DA:312,0
DA:314,0
DA:316,0
DA:317,0
DA:318,0
DA:320,0
DA:327,0
DA:328,0
DA:329,0
DA:330,0
DA:331,0
DA:332,0
DA:333,0
DA:334,0
DA:337,0
DA:338,0
DA:339,0
DA:340,0
DA:343,0
DA:344,0
DA:345,0
DA:348,0
DA:349,0
DA:350,0
DA:353,0
DA:354,0
DA:355,0
DA:358,0
DA:362,0
DA:366,0
DA:370,0
LF:137
LH:1
BRDA:143,0,0,0
BRDA:143,0,1,0
BRDA:147,1,0,0
BRDA:147,1,1,0
BRDA:151,2,0,0
BRDA:151,2,1,0
BRDA:157,3,0,0
BRDA:157,3,1,0
BRDA:160,4,0,0
BRDA:160,4,1,0
BRDA:163,5,0,0
BRDA:163,5,1,0
BRDA:166,6,0,0
BRDA:166,6,1,0
BRDA:204,7,0,0
BRDA:204,7,1,0
BRDA:204,8,0,0
BRDA:204,8,1,0
BRDA:208,9,0,0
BRDA:208,9,1,0
BRDA:208,10,0,0
BRDA:208,10,1,0
BRDA:212,11,0,0
BRDA:212,11,1,0
BRDA:212,12,0,0
BRDA:212,12,1,0
BRDA:216,13,0,0
BRDA:216,13,1,0
BRDA:216,14,0,0
BRDA:216,14,1,0
BRDA:224,15,0,0
BRDA:224,15,1,0
BRDA:228,16,0,0
BRDA:228,16,1,0
BRDA:232,17,0,0
BRDA:232,17,1,0
BRDA:236,18,0,0
BRDA:236,18,1,0
BRDA:240,19,0,0
BRDA:240,19,1,0
BRDA:240,20,0,0
BRDA:240,20,1,0
BRDA:244,21,0,0
BRDA:244,21,1,0
BRDA:244,22,0,0
BRDA:244,22,1,0
BRDA:260,23,0,0
BRDA:260,23,1,0
BRDA:263,24,0,0
BRDA:263,24,1,0
BRDA:266,25,0,0
BRDA:266,25,1,0
BRDA:269,26,0,0
BRDA:269,26,1,0
BRDA:307,27,0,0
BRDA:307,27,1,0
BRDA:314,28,0,0
BRDA:314,28,1,0
BRDA:314,29,0,0
BRDA:314,29,1,0
BRDA:314,29,2,0
BRDA:314,29,3,0
BRDA:314,29,4,0
BRF:63
BRH:0
end_of_record
TN:
SF:F:\SVN\hjhx\tms-x\tms4.4\source\trunk\tms-manager\src\components\system\Log.vue
FN:90,(anonymous_0)
FNF:1
FNH:0
FNDA:0,(anonymous_0)
DA:58,0
DA:62,0
DA:65,0
DA:68,0
DA:71,0
DA:72,0
DA:73,0
DA:74,0
DA:77,0
DA:78,0
DA:79,0
DA:80,0
DA:91,0
DA:92,0
DA:96,0
DA:100,0
LF:16
LH:0
BRDA:91,0,0,0
BRDA:91,0,1,0
BRF:2
BRH:0
end_of_record
TN:
SF:F:\SVN\hjhx\tms-x\tms4.4\source\trunk\tms-manager\src\frame\Login.vue
FN:29,(anonymous_0)
FNF:1
FNH:0
FNDA:0,(anonymous_0)
DA:20,0
DA:29,0
DA:30,0
DA:31,0
DA:35,0
LF:5
LH:0
BRF:0
BRH:0
end_of_record
TN:
SF:F:\SVN\hjhx\tms-x\tms4.4\source\trunk\tms-manager\src\frame\Main.vue
FNF:0
FNH:0
DA:68,0
LF:1
LH:0
BRF:0
BRH:0
end_of_record
TN:
SF:F:\SVN\hjhx\tms-x\tms4.4\source\trunk\tms-manager\src\router\index.js
FNF:0
FNH:0
DA:33,1
LF:1
LH:1
BRF:0
BRH:0
end_of_record
