TN:
SF:F:\learn\vue\my-project\src\components\BookList.vue
FNF:0
FNH:0
DA:25,4
LF:1
LH:1
BRF:0
BRH:0
end_of_record
TN:
SF:F:\learn\vue\my-project\src\App.vue
FNF:0
FNH:0
LF:0
LH:0
BRF:0
BRH:0
end_of_record
TN:
SF:F:\learn\vue\my-project\src\components\Announcement.vue
FNF:0
FNH:0
LF:0
LH:0
BRF:0
BRH:0
end_of_record
TN:
SF:F:\learn\vue\my-project\src\components\ModalDialog.vue
FNF:0
FNH:0
LF:0
LH:0
BRF:0
BRH:0
end_of_record
TN:
SF:F:\learn\vue\my-project\src\components\NotFoundComponent.vue
FNF:0
FNH:0
LF:0
LH:0
BRF:0
BRH:0
end_of_record
TN:
SF:F:\learn\vue\my-project\src\components\Slider.vue
FNF:0
FNH:0
LF:0
LH:0
BRF:0
BRH:0
end_of_record
TN:
SF:F:\learn\vue\my-project\src\fixtures\faker.js
FN:7,(anonymous_0)
FN:11,(anonymous_1)
FN:15,(anonymous_2)
FNF:3
FNH:3
FNDA:2,(anonymous_0)
FNDA:3,(anonymous_1)
FNDA:3,(anonymous_2)
DA:3,1
DA:4,1
DA:7,1
DA:8,2
DA:11,1
DA:12,3
DA:15,1
DA:16,3
DA:21,0
DA:22,0
LF:10
LH:8
BRF:0
BRH:0
end_of_record
TN:
SF:F:\learn\vue\my-project\src\main\BookDetails.vue
FNF:0
FNH:0
DA:8,0
DA:9,0
LF:2
LH:0
BRF:0
BRH:0
end_of_record
TN:
SF:F:\learn\vue\my-project\src\main\Category.vue
FNF:0
FNH:0
LF:0
LH:0
BRF:0
BRH:0
end_of_record
TN:
SF:F:\learn\vue\my-project\src\main\Home.vue
FN:81,(anonymous_0)
FN:84,(anonymous_1)
FNF:2
FNH:0
FNDA:0,(anonymous_0)
FNDA:0,(anonymous_1)
DA:46,1
DA:54,0
DA:63,0
DA:67,0
DA:68,0
DA:70,0
DA:71,0
DA:72,0
DA:73,0
DA:74,0
DA:80,0
DA:82,0
DA:85,0
DA:88,0
DA:93,0
DA:94,0
LF:16
LH:1
BRDA:67,0,0,0
BRDA:67,0,1,0
BRF:2
BRH:0
end_of_record
TN:
SF:F:\learn\vue\my-project\src\main\Main.vue
FNF:0
FNH:0
LF:0
LH:0
BRF:0
BRH:0
end_of_record
TN:
SF:F:\learn\vue\my-project\src\main\Me.vue
FNF:0
FNH:0
LF:0
LH:0
BRF:0
BRH:0
end_of_record
TN:
SF:F:\learn\vue\my-project\src\main\ShoppingCart.vue
FNF:0
FNH:0
LF:0
LH:0
BRF:0
BRH:0
end_of_record
TN:
SF:F:\learn\vue\my-project\src\router\index.js
FNF:0
FNH:0
DA:13,1
LF:1
LH:1
BRF:0
BRH:0
end_of_record
